[    0.000000] Initializing cgroup subsys cpuset
[    0.000000] Initializing cgroup subsys cpu
[    0.000000] Initializing cgroup subsys cpuacct
[    0.000000] Linux version 4.4.0-137-generic (buildd@lgw01-amd4-037) (gcc ersion 5.4.0 20160609 (Ubuntu 5.4.0-6ubuntu1~16.04.10) ) #163-Ubuntu SMP Mon Sep 24 13:14:43 UTC 2018 Ubunu 4.4.0-137.163-generic 4.4.144)
[    0.000000] Command line: BOOT_IMAGE=/boot/vmlinuz-4.4.0-137-generic root=LABEL=cloudimg-rootfs ro console=tty1 console=ttyS0
[    0.000000] KERNEL supported cpus:
[    0.000000]   Intel GenuineIntel
[    0.000000]   AMD AuthenticAMD
[    0.000000]   Centaur CentaurHauls
[    0.000000] x86/fpu: xstate_offset[2]:  576, xstate_sizes[2]:  256
[    0.000000] x86/fpu: Suppoting XSAVE feature 0x01: 'x87 floating point registers'
[    0.000000] x86/fpu: Supporting XSAVE feature 0x02: 'SSE registers'
[    0.000000] x86/fpu: Supporting XSAVE feature 0x04: 'AVX registers'
[    0.000000] x86/fpu: Enabled xstate features 0x7, context size is 832 bytes, using 'standard' format.
[    0.000000] e820: BIOS-provided physical RAM map:
[    0.000000] BIOS-e820: [mem 0x0000000000000000-0x000000000009fbff] usable
[   0.000000] BIOS-e820: [mem 0x000000000009fc00-0x000000000009ffff] reserved
[    0.000000] BIOS-e820: [mem 0x00000000000f0000-0x00000000000fffff] reserved
[    0.000000] BIOS-e820: [mem 0x0000000000100000-0x000000003ffeffff] usale
[    0.000000] BIOS-e820: mem 0x000000003fff0000-0x000000003fffffff] ACPI data
[    0.0000] BIOS-e820: [mem 0x00000000fec00000-0x00000000fec00fff] reserved
[    0.000000] BIOS-e820: [mem 0x00000000fee00000-0x00000000fee00fff] reserved
[    0.000000] BIOS-e820: [mem 0x00000000fffc0000-0x00000000ffffffff] reserved
[    0.000000] NX (Execute Disable) protection: active
[    0.000000] SMBIOS 2.5 present.
[    0.000000]] Hypervisor detected: KVM
[    0.000000] e820: last_pfn = 0x3fff0 max_arch_pfn = 0x400000000
[    0.000000] MTRR: Disabled
[    0.000000] x86/PAT: MTRRs disabled, skipping PAT initialization too.
[    0.000000] CPU MTRRs all blank - virtualized system.
[    0.000000] x86/PAT: Configuration [0-7]: WB  WT  UC- UC  WB  WT  UC- UC  
[    0.000000] found SMP MP-table at [mem 0x0009fff0-0x0009ffff] mapped at [ffff88000009fff0]
[    0.000000] Scanning 1 areas for low memory corruption
[    0.000000] RAMDISK: [mem 0x3630e000-0x3717efff]
[    0.000000] ACPI: Early table checksum verification disabled
[    0.000000] ACPI: RSDP 0x00000000000E0000 000024 (v02 VBOX  )
[    0.000000] ACPI: XSDT 0x000000003FFF0030 00003C (v01 VBOX   VBOXXSDT 00000001 ASL  00000061)
[    0.000000] ACPI: FACP 0x000000003FFF00F0 0000F4 (v04 VBOX   VBOXFACP 00000001 ASL  00000061)
[    0.000000] ACPI: DSDT 0x000000003FF0470 0021FF (v02 VBOX   VBOXBIOS 00000002 INTL 20100528)
[    0.000000] ACPI: FACS 0x000000003FFF0200 000040
[    0.000000] ACPI: FACS 0x000000003FFF0200 000040
[    0.000000] ACPI: APIC 0x000000003FFF0240 00005C (v02 VBOX   VBOXAPIC 00000001 ASL  00000061)
[    0.000000] ACPI: SSDT 0x000000003FFF02A0 0001CC (v01 VBOX   VBOXCPUT 00000002 INTL 20100528)
[    0.000000] No NUMA configuratiion found
[    0.000000] Faking a node at [mem 0x0000000000000000-0x000000003ffeffff]
[    0.000000] NODE_DATA(0) allocated [mem 0x3ffeb000-0x3ffeffff]
[    0.000000] kvm-clock: Using msrs 4b564d01 and 4b564d00
[    0.000000] kvm-clock: cpu 0, ms 0:3ffe3001, primary cpu clock
[    0.000000] kvm-clock: using sched offset of 520339808 cycles
[    0.000000] clocksource: kvm-clock: mask: 0xffffffffffffffff max_cyces: 0x1cd42e4dffb, max_idle_ns: 881590591483 n
[    0.000000] Zone ranges:
[    0.000000]   DMA      [mem 0x0000000000001000-0x0000000000ffffff]
[    0.000000]   DMA32    [mem 0x0000000001000000-0x000000003ffeffff]
[    0.000000]   Normal   empty
[    0.000000]   Device   empty
[    0.000000] Movable zone start for each ode
[    0.000000] Early meory node ranges
[    0.00000]   node   0: [mem 0x0000000000001000-0x000000000009efff]
[    0.000000]   node   0: [mem 0x0000000000100000-0x000000003feffff]
[    0.000000] Initmem setup node 0 [mem 0x0000000000001000-0x000000003ffeffff]
[    0.000000] ACPI: PM-Timer IO Port: 0x4008
[    0.000000] IOAPIC[0]: apic_id 2, version 32, address 0xfec00000, GSI 0-23
[    0.0000] ACPI: INT_SRC_OVR (bus 0 bus_irq 0 global_irq 2 dfl dfl)
[    0.000000] ACPI: INT_SRC_OVR (bus 0 bus_irq 9 global_irq 9 low level)
[    0.000000] Using ACPI (MADT) for SMP configuration information
[    0.000000] smpboot: Allowing 2 CPUs, 0 hotplug CPUs
[    0.000000] PM: Registered nosave memory: [mem 0x00000000-0x00000fff]
[    0.000000] PM: Registered nosave memory: [mem 0x0009f000-0x0009ffff]
[    0.000000] PM: Registered nosave memory: [mem 0x000a0000-0x000effff]
[    0.000000] PM: Registered nosave memory: [mem 0x000f0000-0x000fffff]
[    0.000000] e820: [mem 0x40000000-0xfebfffff] available for PCI devices
[    0.0000000] Booting paravirtualized kernel on KVM
[    0.000000] clocksource: refined-jiffies: mask: 0xffffffff max_cycles: 0xffffffff, max_idle_ns: 7645519600211568 ns
[    0.000000] setup_percpu: NR_CPUS:512 nr_cpumask_bits:512 nr_cpu_ids:2 nr_node_ids:1
[    0.000000] PERCPU: Embedded 34 pages/cpu @ffff88003fc00000 s99608 r8192 d314 uu1048576
[    0.000000] PV qspinlock hash table entries: 256 (order: 0, 4096 bytes)
[    0.000000] Built  zonelists in Node order, mobility grouping on.  Total pages: 257912
[    0.000000] Policy zone:DMA32
[    0.000000] Kernel command line: BOOT_IMAGE=/boot/vmlinuz-4.4.0-137-generic root=LABEL=cloudimg-rootfs ro console=tty1 console=ttyS0
[    0.000000] PID hash table entries: 4096 (order: 3, 32768 bytes)
[    0.000000] Memory: 997716K/1048120K available (8555K kernel code, 1314K rwdata, 4004K rodata, 1528K init, 1316K bss, 50404K reserved, 0K cma-reserved)
[    0.000000] SLUB: Halign=64, Order=0-3, MinObjects=0, CPUs=2, Nodes=1[    0.000000] Kernel/Usr page tables isolation: enabld
[   0.000000] Hierarchical RCU impementation.
[    0.000000] 	Build-time adjustment of leaf fanout to 64.
[    0.000000] 	RCU restricting CPUs from NR_CPUS=512 to nr_cpu_ids=2.
[    0.000000] RCU: Adjusting geometry for rcu_fanout_leaf=64, nr_cpu_ids=2
[   0.0000] NR_IRQS:33024 nr_irqs:440 16
[    0.000000] Console: colour VGA+ 80x25
[    0.000000] console [tty1] enabled
[    0.000000]consle [tyS0] enabled
[    000000] tsc: Detected 1799.999 MHz processor
[    1.113377] alibrating delay loop (skipped) preset value.. 3599.99 BogoMIPS (lpj=7199996)
[    1.146362] pid_max: default: 32768 minimum: 301
[    1.152894] ACPI: Core revision 20150930
[    1.166327] ACPI: 2 ACPI AML tables successfully acquired and loaded
[    1.169482] Security Framework initialized
[    1.177301] Yama: becoming mindful.
[    1.178791] AppArmor: AppArmor initialized
[    1.188810] Dentry cache hash table entries: 131072 (order: 8, 1048576 bytes)
[    1.196005] Inode-cache hash table entries: 65536 (order: 7, 524288 bytes)
[    1.212160] Mount-cache hash table entries: 2048 (order: 2, 16384 bytes)
[    1.221458] Mountpoint-cache hash table entries: 2048 (order: 2, 16384 bytes)
[    1.233098] Initializing cgroup subsys io
[    1.240958] Initializing cgroup subsys memory
[    1.245231] Initializing cgroup subsys devices
[    1.247611] Initializing cgroup subsys freezer
[    1.252052] Initializing cgroup subsys net_cls
[    1.255602] Initializing cgroup subsys perf_event
[    1.268268] Initializing cgroup subsys net_prio
[    1.272171] Initializing cgroup subsys hugetlb
[    1.274409] Initializing cgroup subsys pids
[    1.278757] mce: CPU supports 0 MCE banks
[    1.291345] Last level iTLB entries: 4KB 64, 2MB 8, 4MB 8
[    1.300178] Last level dTLB entries: 4KB 64, 2MB 0, 4MB 0, 1GB 4
[    1.302393] Spectre V2 : Mitigation: Full generic retpoline
[    1.305828] Spectre V2 : Spectre v2 mitigation: Speculation control IBPB not-supported IBRS not-supported
[    1.313339] Spectre V2 : Spectre v2 / SpectreRSB mitigation: Filling RSB on context switch
[    1.317805] Speculative Store Bypass: Vulnerable
[    1.323661] Freeing SMP alternatives memory: 32K
[    1.351048] ftrace: allocating 32265 entries in 127 pages
[    1.422508] smpboot: APIC(0) Converting physical 0 to logical package 0
[    1.436154] smpboot: Max logical packages: 1
[    1.438272] x2apic enabled
[    1.439715] Switched APIC routing to physical x2apic.
[    1.443270] ..TIMER: vector=0x30 apic1=0 pin1=2 apic2=-1 pin2=-1
[    1.551203] smpboot: CPU0: Intel(R) Core(TM) i5-5350U CPU @ 1.80GHz (family: 0x6, model: 0x3d, stepping: 0x4)
[    1.563837] Performance Events: unsupported p6 CPU model 61 no PMU driver, software events only.
[    1.567436] KVM setup paravirtual spinlock
[    1.570885] x86: Booting SMP configuration:
[    1.588473] .... node  #0, CPUs:      #1
[    1.597561] kvm-clock: cpu 1, msr 0:3ffe3041, secondary cpu clock
[    1.600645] mce: CPU supports 0 MCE banks
[    1.603990] x86: Booted up 1 node, 2 CPUs
[    1.606164] smpboot: Total of 2 processors activated (7199.99 BogoMIPS)
[    1.609097] devtmpfs: initialized
[    1.613813] evm: security.selinux
[    1.616555] evm: security.SMACK64
[    1.621635] evm: security.SMACK64EXEC
[    1.623292] evm: security.SMACK64TRANSMUTE
[    1.625061] evm: security.SMACK64MMAP
[    1.626487] evm: security.ima
[    1.628934] evm: security.capability
[    1.633352] clocksource: jiffies: mask: 0xffffffff max_cycles: 0xffffffff, max_idle_ns: 7645041785100000 ns
[    1.645841] futex hash table entries: 512 (order: 3, 32768 bytes)
[    1.660600] pinctrl core: initialized pinctrl subsystem
[    1.662584] RTC time: 17:10:36, date: 10/15/18
[    1.670439] NET: Registered protocol family 16
[    1.684724] cpuidle: using governor ladder
[    1.700238] cpuidle: using governor menu
[    1.705067] PCCT header not found.
[    1.710223] ACPI: bus type PCI registered
[    1.714085] acpiphp: ACPI Hot Plug PCI Controller Driver version: 0.5
[    1.717087] PCI: Using configuration type 1 for base access
[    1.737665] ACPI: Added _OSI(Module Device)
[    1.739408] ACPI: Added _OSI(Processor Device)
[    1.741328] ACPI: Added _OSI(3.0 _SCP Extensions)
[    1.743528] ACPI: Added _OSI(Processor Aggregator Device)
[    1.747483] ACPI: Executed 1 blocks of module-level executable AML code
[    1.758071] ACPI: Interpreter enabled
[    1.759680] ACPI: (supports S0 S5)
[    1.761189] ACPI: Using IOAPIC for interrupt routing
[    1.763332] PCI: Using host bridge windows from ACPI; if necessary, use "pci=nocrs" and report a bug
[    1.788367] ACPI: PCI Root Bridge [PCI0] (domain 0000 [bus 00-ff])
[    1.794972] acpi PNP0A03:00: _OSC: OS supports [ASPM ClockPM Segments MSI]
[    1.806565] acpi PNP0A03:00: _OSC: not requesting OS control; OS requires [ExtendedConfig ASPM ClockPM MSI]
[    1.812705] acpi PNP0A03:00: fail to add MMCONFIG information, can't access extended PCI configuration space under this bridge.
[    1.825943] PCI host bridge to bus 0000:00
[    1.828589] pci_bus 0000:00: root bus resource [io  0x0000-0x0cf7 window]
[    1.870321] pci_bus 0000:00: root bus resource [io  0x0d00-0xffff window]
[    1.889519] pci_bus 0000:00: root bus resource [mem 0x000a0000-0x000bffff window]
[    1.913829] pci_bus 0000:00: root bus resource [mem 0x40000000-0xfdffffff window]
[    1.931883] pci_bus 0000:00: root bus resource [bus 00-ff]
[    1.946006] pci 0000:00:01.1: legacy IDE quirk: reg 0x10: [io  0x01f0-0x01f7]
[    1.971662] pci 0000:00:01.1: legacy IDE quirk: reg 0x14: [io  0x03f6]
[    1.996200] pci 0000:00:01.1: legacy IDE quirk: reg 0x18: [io  0x0170-0x0177]
[    2.025724] pci 0000:00:01.1: legacy IDE quirk: reg 0x1c: [io  0x0376]
[    2.075188] pci 0000:00:07.0: quirk: [io  0x4000-0x403f] claimed by PIIX4 ACPI
[    2.079224] pci 0000:00:07.0: quirk: [io  0x4100-0x410f] claimed by PIIX4 SMB
[    2.096171] ACPI: PCI Interrupt Link [LNKA] (IRQs 5 9 10 *11)
[    2.101492] ACPI: PCI Interrupt Link [LNKB] (IRQs 5 9 *10 11)
[    2.110595] ACPI: PCI Interrupt Link [LNKC] (IRQs 5 *9 10 11)
[    2.116078] ACPI: PCI Interrupt Link [LNKD] (IRQs 5 9 10 *11)
[    2.124234] ACPI: Enabled 2 GPEs in block 00 to 07
[    2.138491] vgaarb: setting as boot device: PCI:0000:00:02.0
[    2.144990] vgaarb: device added: PCI:0000:00:02.0,decodes=io+mem,owns=io+mem,locks=none
[    2.161700] vgaarb: loaded
[    2.163276] vgaarb: bridge control possible 0000:00:02.0
[    2.177980] SCSI subsystem initialized
[    2.181013] ACPI: bus type USB registered
[    2.182950] usbcore: registered new interface driver usbfs
[    2.185602] usbcore: registered new interface driver hub
[    2.187703] usbcore: registered new device driver usb
[    2.193327] PCI: Using ACPI for IRQ routing
[    2.195509] NetLabel: Initializing
[    2.197031] NetLabel:  domain hash size = 128
[    2.198572] NetLabel:  protocols = UNLABELED CIPSOv4
[    2.210009] NetLabel:  unlabeled traffic allowed by default
[    2.212866] amd_nb: Cannot enumerate AMD northbridges
[    2.220712] clocksource: Switched to clocksource kvm-clock
[    2.237839] AppAmor:AppAror Filesytem nabld
[    2.388647] pnp: PnP ACPI init
[    2.391688] pnp: PnP ACPI: found 3 devices

[   2.406302] clocksource: acpi_pm: mask: 0xffffff max_cycles: 0xffffff, max_idle_ns: 2085701024 ns
[    2.43823] NET: Registered protocol family 2

[    2.46787] TCP established hash table entres: 8192 (order: 4, 65536 bytes)
[    2.528767] TCP bi hash table entries: 8192 (order: 5, 131072 ytes)
[    2.609711] TCP: Hash tables configured (established 8192 bind 8192)
[    2.611953] UDP hash table entries: 512 (order: 2, 16384 bytes
[    2.640960] UDP-Lite hash table entries: 512 (order: 2, 16384 bytes)
[  2.643369] NET: Registered protocol family 1
[    2.700752] pci 0000:00:00.0: Limiting direct PCI/PCI transfers
[    27065] pci 0000:00:01.0: Activating ISA DMA hang workarounds
[    2.785215] Unpacking initramfs...

[    3.101290] Freeing initrd memory: 14788K
[    3.109342] RAPL PMU detected, API unit is 2^-32 Joules, 4 fixed counters 10737418240 ms ovfl timer
[    3.149367] hw unit of domain pp0-core 2^-0 Joules
[    3.164752] hw unit of domain package 2^-0 Joules
[    3.178019] hw unit of domain dram 2^-0 Joules
[    3.182370] hw unit of domain pp1-gpu 2^-0 Joules
[    3.186806] platform rtc_cmos: registered platform RTC device (no PNP device found)
[    3.189735] Scanning for low memory corruption every 60 seconds
[    3.194579] audit: initializing netlink subsys (disabled)
[    3.196798] audit: type=2000 audit(1539623443.264:1): initialized
[    3.199175] Initialise system trusted keyring
[    3.205031] HugeTLB registered 2 MB page size, pre-allocated 0 pages
[    3.214089] zbud: loaded
[    3.218439] VFS: Disk quotas dquot_6.6.0
[    3.225942] VFS: Dquot-cache hash table entries: 512 (order 0, 4096 bytes)
[    3.253731] squashfs: version 4.0 (2009/01/31) Phillip Lougher
[    3.263198] fuse init (API version 7.23)
[    3.273487] Key type big_key registered
[    3.275287] Allocating IMA MOK and blacklist keyrings.
[    3.285450] Key type asymmetric registered
[    3.287193] Asymmetric key parser 'x509' registered
[    3.289286] Block layer SCSI generic (bsg) driver version 0.4 loaded (major 249)
[    3.305137] io scheduler noop registered
[    3.306871] io scheduler deadline registered (default)
[    3.309033] io scheduler cfq registered
[    3.312636] pci_hotplug: PCI Hot Plug PCI Core version: 0.5
[    3.315169] pciehp: PCI Express Hot Plug Controller Driver version: 0.4
[    3.326323] ACPI: AC Adapter [AC] (off-line)
[    3.331108] input: Power Button as /devices/LNXSYSTM:00/LNXPWRBN:00/input/input0
[    3.334786] ACPI: Power Button [PWRF]
[    3.346022] input: Sleep Button as /devices/LNXSYSTM:00/LNXSLPBN:00/input/input1
[    3.356000] ACPI: Sleep Button [SLPF]
[    3.363400] ACPI: Battery Slot [BAT0] (battery present)
[    3.365772] GHES: HEST is not enabled!
[    3.367600] Serial: 8250/16550 driver, 32 ports, IRQ sharing enabled
[    3.415303] 00:02: ttyS0 at I/O 0x3f8 (irq = 4, base_baud = 115200) is a 16550A
[    3.421458] Linux agpgart interface v0.103
[    3.434843] loop: module loaded
[    3.459366] scsi host0: ata_piix
[    3.463079] scsi host1: ata_piix
[    3.466422] ata1: PATA max UDMA/33 cmd 0x1f0 ctl 0x3f6 bmdma 0xd000 irq 14
[    3.481234] ata2: PATA max UDMA/33 cmd 0x170 ctl 0x376 bmdma 0xd008 irq 15
[    3.488316] libphy: Fixed MDIO Bus: probed
[    3.490088] tun: Universal TUN/TAP device driver, 1.6
[    3.500664] tun: (C) 1999-2004 Max Krasnyansky <maxk@qualcomm.com>
[    3.503370] PPP generic driver version 2.4.2
[    3.505297] ehci_hcd: USB 2.0 'Enhanced' Host Controller (EHCI) Driver
[    3.507793] ehci-pci: EHCI PCI platform driver
[    3.509512] ehci-platform: EHCI generic platform driver
[    3.511585] ohci_hcd: USB 1.1 'Open' Host Controller (OHCI) Driver
[    3.533818] ohci-pci: OHCI PCI platform driver
[    3.544266] ohci-platform: OHCI generic platform driver
[    3.553217] uhci_hcd: USB Universal Host Controller Interface driver
[    3.562468] i8042: PNP: PS/2 Controller [PNP0303:PS2K,PNP0f03:PS2M] at 0x60,0x64 irq 1,12
[    3.580340] serio: i8042 KBD port at 0x60,0x64 irq 1
[    3.593448] serio: i8042 AUX port at 0x60,0x64 irq 12
[    3.601869] mousedev: PS/2 mouse device common for all mice
[    3.614252] rtc_cmos rtc_cmos: rtc core: registered rtc_cmos as rtc0
[    3.619588] input: AT Translated Set 2 keyboard as /devices/platform/i8042/serio0/input/input2
[    3.634846] rtc_cmos rtc_cmos: alarms up to one day, 114 bytes nvram
[    3.651782] i2 /dev entries driver

[    3.686445] device-mapper: uevent: version 1.0.3
[    3.688102] device-mapper: ioctl: 4.34.0-ioctl (2015-10-28) initialised: dm-devel@redhat.com
[    3.691765] ledtrig-cpu: registered to indicate activity on CPUs
[    3.697167] NET: Registered protocol family 10
[    3.701044] NET: Registered protocol family 17
[    3.711553] Key type dns_resolver registered
[    3.723055] registered taskstats version 1
[    3.734009] Loading compiled-in X.509 certificates
[    3.739596] Loaded X.509 cert 'Build time autogenerated kernel key: 20acc96b50ca7641011eace69d32209215a9b56f'
[    3.746625] zswap: loaded using pool lzo/zbud
[    3.752550] Key type trusted registered
[    3.762368] Key type encrypted registered
[    3.767102] AppArmor: AppArmor sha1 policy hashing enabled
[    3.786886] ima: No TPM chip found, activating TPM-bypass!
[    3.799633] ima: Allocated hash algorithm: sha1
[    3.808710] evm: HMAC attrs: 0x1
[    3.818228]   Magic number: 6:571:188
[    3.824637] rtc_cmos rtc_cmos: setting system clock to 2018-10-15 17:10:39 UTC (1539623439)
[    3.832287] BIOS EDD facility v0.16 2004-Jun-25, 0 devices found
[    3.847092] EDD information not available.
[    3.853474] Freeing unused kernel memory: 1528K
[    3.873005] Write protecting the kernel read-only data: 14336k
[    3.892166] Freeing unused kernel memory: 1672K
[    3.901965] Freeing unused kernel memory: 92K
Loading, please wait...
starting version[    3.936158] random: systemd-udevd: uninitialized urandom read (16 bytes read, 5 bits of entropy available)
 229
[    3.936912] random: udevadm: uninitialized urandom read (16 bytes read, 5 bits of entropy available)
[    3.936936] random: udevadm: uninitialized urandom read (16 bytes read, 5 bits of entropy available)
[    3.945835] random: udevadm: uninitialized urandom read (16 bytes read, 5 bits of entropy available)
[    3.945880] random: udevadm: uninitialized urandom read (16 bytes read, 5 bits of entropy available)
[    3.946013] random: udevadm: uninitialized urandom read (16 bytes read, 5 bits of entropy available)
[    3.946062] random: udevadm: uninitialized urandom read (16 bytes read, 5 bits of entropy available)
[    3.946111] random: udevadm: uninitialized urandom read (16 bytes read, 5 bits of entropy available)
[    3.946158] random: udevadm: uninitialized urandom read (16 bytes read, 5 bits of entropy available)
[    3.946204] random: udevadm: uninitialized urandom read (16 bytes read, 5 bits of entropy available)
[    4.058918] e1000: Intel(R) PRO/1000 Network Driver - version 7.3.21-k8-NAPI
[    4.062913] e1000: Copyright (c) 1999-2006 Intel Corporation.
[    4.066334] Fusion MPT base driver 3.04.20
[    4.071858] Copyright (c) 1999-2008 LSI Corporation
[    4.087127] Fusion MPT SPI Host driver 3.04.20
[    4.183280] AVX2 version of gcm_enc/dec engaged.
[    4.222171] AES CTR mode by8 optimization enabled
[    4.224274] tsc: Refined TSC clocksource calibration: 1800.067 MHz
[    4.226791] clocksource: tsc: mask: 0xffffffffffffffff max_cycles: 0x19f268c5231, max_idle_ns: 440795220318 ns
[    4.282329] input: ImExPS/2 Generic Explorer Mouse as /devices/platform/i8042/serio1/input/input4
[    4.591433] e1000 0000:00:03.0 eth0: (PCI:33MHz:32-bit) 02:28:89:27:00:51
[    4.600307] e1000 0000:00:03.0 eth0: Intel(R) PRO/1000 Network Connection
[    4.605943] e1000 0000:00:03.0 enp0s3: renamed from eth0
[    4.615058] mptbase: ioc0: Initiating bringup
[    4.701462] ioc0: LSI53C1030 A0: Capabilities={Initiator}
[    5.785190] scsi host2: ioc0: LSI53C1030 A0, FwRev=00000000h, Ports=1, MaxQ=256, IRQ=20
[    6.518130] scsi 2:0:0:0: Direct-Access     VBOX     HARDDISK         1.0  PQ: 0 ANSI: 5
[    6.591506] scsi target2:0:0: Beginning Domain Validation
[    6.600809] scsi target2:0:0: Domain Validation skipping write tests
[    6.613490] scsi target2:0:0: Ending Domain Validation
[    6.632229] scsi target2:0:0: asynchronous
[    6.643014] scsi 2:0:1:0: Direct-Access     VBOX     HARDDISK         1.0  PQ: 0 ANSI: 5
[    7.547779] scsi target2:0:1: Beginning Domain Validation
[    7.552163] scsi target2:0:1: Domain Validation skipping write tests
[    7.557147] scsi target2:0:1: Ending Domain Validation
[    7.575050] scsi target2:0:1: asynchronous
[    7.595297] sd 2:0:0:0: [sda] 20971520 512-byte logical blocks: (10.7 GB/10.0 GiB)
[    7.596012] sd 2:0:0:0: Attached scsi generic sg0 type 0
[    7.596402] sd 2:0:1:0: Attached scsi generic sg1 type 0
[    7.597148] sd 2:0:1:0: [sdb] 20480 512-byte logical blocks: (10.5 MB/10.0 MiB)
[    7.597739] sd 2:0:1:0: [sdb] Write Protect is off
[    7.598020] sd 2:0:1:0: [sdb] Incomplete mode parameter data
[    7.598022] sd 2:0:1:0: [sdb] Assuming drive cache: write through
[    7.605355] sd 2:0:1:0: [sdb] Attached SCSI disk
[    7.664802] sd 2:0:0:0: [sda] Write Protect is off
[    7.674121] sd 2:0:0:0: [sda] Incomplete mode parameter data
[    7.684390] sd 2:0:0:0: [sda] Assuming drive cache: write through
[    7.699415]  sda: sda1
[    7.708161] sd 2:0:0:0: [sda] Attached SCSI disk
Begin: Loading essential drivers ... [    9.112981] md: linear personality registered for level -1
[    9.124716] md: multipath personality registered for level -4
[    9.129637] md: raid0 personality registered for level 0
[    9.135083] md: raid1 personality registered for level 1
[    9.212935] raid6: sse2x1   gen()  8308 MB/s
[    9.288908] raid6: sse2x1   xor()  6307 MB/s
[    9.364934] raid6: sse2x2   gen() 10885 MB/s
[    9.449025] raid6: sse2x2   xor()  7199 MB/s
[    9.521015] raid6: sse2x4   gen() 12330 MB/s
[    9.592995] raid6: sse2x4   xor()  8701 MB/s
[    9.673288] raid6: avx2x1   gen() 16230 MB/s
[    9.744904] raid6: avx2x2   gen() 19523 MB/s
[    9.812912] raid6: avx2x4   gen() 20307 MB/s
[    9.817555] raid6: using algorithm avx2x4 gen() 20307 MB/s
[    9.819721] raid6: using avx2x2 recovery algorithm
[    9.823123] xor: automatically using best checksumming function:
[    9.864771]    avx       : 19327.000 MB/sec
[    9.875261] async_tx: api initialized (async)
[    9.911133] md: raid6 personality registered for level 6
[    9.923587] md: raid5 personality registered for level 5
[    9.939256] md: raid4 personality registered for level 4
[    9.974596] md: raid10 personality registered for level 10
done.
Begin: Running /scripts/init-premount ... done.
Begin: Mounting root file system ... Begin: Running /scripts/local-top ... done.
Begin: Running /scripts/local-premount ... [   10.022677] Btrfs loaded
Scanning for Btrfs filesystems
done.
Warning: fsck not present, so skipping root file system
[   10.086259] EXT4-fs (sda1): mounted filesystem with ordered data mode. Opts: (null)
done.
Begin: Running /scripts/local-bottom ... done.
Begin: Running /scripts/init-bottom ... done.
[   10.364183] systemd[1]: systemd 229 running in system mode. (+PAM +AUDIT +SELINUX +IMA +APPARMOR +SMACK +SYSVINIT +UTMP +LIBCRYPTSETUP +GCRYPT +GNUTLS +ACL +XZ -LZ4 +SECCOMP +BLKID +ELFUTILS +KMOD -IDN)
[   10.396170] systemd[1]: Detected virtualization oracle.
[   10.397929] systemd[1]: Detected architecture x86-64.

Welcome to [1mUbuntu 16.04.5 LTS[0m!

[   10.406951] systemd[1]: Set hostname to <ubuntu-xenial>.
[   10.851159] systemd[1]: Created slice System Slice.
[[0;32m  OK  [0m] Created slice System Slice.
[   10.881629] systemd[1]: Started Forward Password Requests to Wall Directory Watch.
[[0;32m  OK  [0m] Started Forward Password Requests to Wall Directory Watch.
[   10.901916] systemd[1]: Created slice User and Session Slice.
[[0;32m  OK  [0m] Created slice User and Session Slice.
[   10.906965] systemd[1]: Reached target User and Group Name Lookups.
[[0;32m  OK  [0m] Reached target User and Group Name Lookups.
[   10.931710] systemd[1]: Listening on Syslog Socket.
[[0;32m  OK  [0m] Listening on Syslog Socket.
[   10.953375] systemd[1]: Listening on Journal Socket.
[[0;32m  OK  [0m] Listening on Journal Socket.
[   10.973808] systemd[1]: Mounting POSIX Message Queue File System...
         Mounting POSIX Message Queue File System...
[   10.996525] systemd[1]: Starting Uncomplicated firewall...
         Starting Uncomplicated firewall...
[   11.008231] systemd[1]: Reached target Encrypted Volumes.
[[0;32m  OK  [0m] Reached target Encrypted Volumes.
[   11.012996] systemd[1]: Created slice system-serial\x2dgetty.slice.
[[0;32m  OK  [0m] Created slice system-serial\x2dgetty.slice.
[   11.028999] systemd[1]: Starting Set console keymap...
         Starting Set console keymap...
[   11.045195] systemd[1]: Listening on LVM2 poll daemon socket.
[[0;32m  OK  [0m] Listening on LVM2 poll daemon socket.
[   11.102211] systemd[1]: Starting Load Kernel Modules...
         Starting Load Kernel Modules...
[   11.119584] systemd[1]: Set up automount Arbitrary Executable File Formats File System Automount Point.
[   11.172302] Loading iSCSI transport class v2.0-870.
[[0;32m  OK  [0m] Set up autom[   11.199996] iscsi: registered transport (tcp)
ount Arbitrary Executab...ats File System Automount Point.
[   11.234507] systemd[1]: Reached target Swap.
[[0;32m  OK  [0m] Reached target Swap.
[   11.247748] systemd[1]: Reached target System Time Synchronized.
[[0;32m  OK  [0m] Reached target System Time Synchronized.
[   11.276730] iscsi: registered transport (iser)
[   11.277002] systemd[1]: Starting Remount Root and Kernel File Systems...
         Startin[   11.291349] EXT4-fs (sda1): re-mounted. Opts: (null)
g Remount Root and Kernel File Systems...
[   11.329644] systemd[1]: Started Trigger resolvconf update for networkd DNS.
[[0;32m  OK  [0m] Started Trigger resolvconf update for networkd DNS.
[   11.353359] systemd[1]: Reached target Slices.
[[0;32m  OK  [0m] Reached target Slices.
[   11.381346] systemd[1]: Mounting Huge Pages File System...
         Mounting Huge Pages File System...
[   11.398125] systemd[1]: Listening on Journal Audit Socket.
[[0;32m  OK  [0m] Listening on Journal Audit Socket.
[   11.421959] systemd[1]: Listening on /dev/initctl Compatibility Named Pipe.
[[0;32m  OK  [0m] Listening on /dev/initctl Compatibility Named Pipe.
[   11.481154] systemd[1]: Starting Nameserver information manager...
         Starting Nameserver information manager...
[   11.494166] systemd[1]: Listening on Device-mapper event daemon FIFOs.
[[0;32m  OK  [0m] Listening on Device-mapper event daemon FIFOs.
[   11.526082] systemd[1]: Listening on udev Control Socket.
[[0;32m  OK  [0m] Listening on udev Control Socket.
[   11.562419] systemd[1]: Listening on LVM2 metadata daemon socket.
[[0;32m  OK  [0m] Listening on LVM2 metadata daemon socket.
[   11.617627] systemd[1]: Starting Monitoring of LVM2 mirrors, snapshots etc. using dmeventd or progress polling...
[   11.619319] random: nonblocking pool is initialized
         Starting Monitoring of LVM2 mirrors... dmeventd or progress polling...
[   11.655654] systemd[1]: Mounting Debug File System...
         Mounting Debug File System...
[   11.673955] systemd[1]: Listening on Journal Socket (/dev/log).
[[0;32m  OK  [0m] Listening on Journal Socket (/dev/log).
[   11.702204] systemd[1]: Starting Journal Service...
         Starting Journal Service...
[   11.717871] systemd[1]: Listening on udev Kernel Socket.
[[0;32m  OK  [0m] Listening on udev Kernel Socket.
[   11.736499] systemd[1]: Starting Create list of required static device nodes for the current kernel...
         Starting Create list of required st... nodes for the current kernel...
[   11.782648] systemd[1]: Mounted Debug File System.
[[0;32m  OK  [0m] Mounted Debug File System.
[   11.817496] systemd[1]: Mounted POSIX Message Queue File System.
[[0;32m  OK  [0m] Mounted POSIX Message Queue File System.
[   11.858352] systemd[1]: Mounted Huge Pages File System.
[[0;32m  OK  [0m] Mounted Huge Pages File System.
[   11.883778] systemd[1]: Started Journal Service.
[[0;32m  OK  [0m] Started Journal Service.
[[0;32m  OK  [0m] Started Uncomplicated firewall.
[[0;32m  OK  [0m] Started Set console keymap.
[[0;32m  OK  [0m] Started Load Kernel Modules.
[[0;32m  OK  [0m] Started Remount Root and Kernel File Systems.
[[0;32m  OK  [0m] Started Create list of required sta...ce nodes for the current kernel.
[[0;32m  OK  [0m] Started Nameserver information manager.
[[0;32m  OK  [0m] Started LVM2 metadata daemon.
         Starting Create Static Device Nodes in /dev...
         Starting Load/Save Random Seed...
         Starting udev Coldplug all Devices...
         Starting Apply Kernel Variables...
         Mounting FUSE Control File System...
         Starting Flush Journal to Persistent Storage...
[[0;32m  OK  [0m] Mounted FUSE Control File System.
[[0;32m  OK  [0m] Started Monitoring of LVM2 mirrors,...ng dmeventd or progress polling.
[[0;32m  OK  [0m] Started Create Static Device Nodes in /dev.
[[0;32m  OK  [0m] Started Load/Save Random Seed.
[[0;32m  OK  [0m] Started Apply Kernel Variables.
[[0;32m  OK  [0m] Started udev Coldplug all Devices.
[[0;32m  OK  [0m] Started Flush Journal to Persistent Storage.
         Starting udev Kernel Device Manager...
[[0;32m  OK  [0m] Started udev Kernel Device Manager.
[[0;32m  OK  [0m] Reached target Local File Systems (Pre).
[[0;32m  OK  [0m] Reached target Local File Systems.
         Starting Set console font and keymap...
         Starting Create Volatile Files and Directories...
         Starting Initial cloud-init job (pre-networking)...
         Starting LSB: AppArmor initialization...
         Starting Tell Plymouth To Write Out Runtime Data...
[[0;32m  OK  [0m] Started Dispatch Password Requests to Console Directory Watch.
[[0;32m  OK  [0m] Started Create Volatile Files and Directories.
[[0;32m  OK  [0m] Started Tell Plymouth To Write Out Runtime Data.
         Starting Update UTMP about System Boot/Shutdown...
[[0;32m  OK  [0m] Started Update UTMP about System Boot/Shutdown.
[[0;32m  OK  [0m] Found device /dev/ttyS0.
[[0;32m  OK  [0m] Started LSB: AppArmor initialization.
[[0;32m  OK  [0m] Listening on Load/Save RF Kill Switch Status /dev/rfkill Watch.
[[0;32m  OK  [0m] Found device 82540EM Gigabit Ethern...r (PRO/1000 MT Desktop Adapter).
[[0;32m  OK  [0m] Started Set console font and keymap.
[[0;32m  OK  [0m] Created slice system-getty.slice.
[   12.328456] cloud-init[482]: Cloud-init v. 18.3-9-g2e62cb8a-0ubuntu1~16.04.2 running 'init-local' at Mon, 15 Oct 2018 17:10:49 +0000. Up 11.95 seconds.
[[0;32m  OK  [0m] Started Initial cloud-init job (pre-networking).
[[0;32m  OK  [0m] Reached target Network (Pre).
         Starting Raise network interfaces...
[[0;32m  OK  [0m] Started ifup for enp0s3.
[[0;32m  OK  [0m] Started Raise network interfaces.
[[0;32m  OK  [0m] Reached target Network.
         Starting Initial cloud-init job (metadata service crawler)...
[   13.487847] cloud-init[953]: Cloud-init v. 18.3-9-g2e62cb8a-0ubuntu1~16.04.2 running 'init' at Mon, 15 Oct 2018 17:10:50 +0000. Up 13.06 seconds.
[   13.493218] cloud-init[953]: ci-info: +++++++++++++++++++++++++++++++++++++Net device info+++++++++++++++++++++++++++++++++++++
[   13.498176] cloud-init[953]: ci-info: +--------+------+--------------------------+---------------+--------+-------------------+
[   13.516203] cloud-init[953]: ci-info: | Device |  Up  |         Address          |      Mask     | Scope  |     Hw-Address    |
[   13.550564] cloud-init[953]: ci-info: +--------+------+--------------------------+---------------+--------+-------------------+
[   13.557099] cloud-init[953]: ci-info: | enp0s3 | True |        10.0.2.15         | 255.255.255.0 | global | 02:28:89:27:00:51 |
[   13.590525] [[0;32m  OK  [0m] Started Initial cloud-init job (metadata service crawler).
[[0;32m  OK  [0m] Reached target Cloud-config availability.
[[0;32m  OK  [0m] Reached target System Initialization.
cloud-init[953]: ci-info: | enp0s3 | True | fe80::28:89ff:fe27:51/64 |       .       |  link  | 02:28:89:27:00:51 |
[   13.701041]          Starting LXD - unix socket.
         Starting Socket activation for snappy daemon.
[[0;32m  OK  [0m] cloud-initStarted Daily Cleanup of Temporary Directories.[953]: 
ci-info: |   lo   | True |        127.0.0.1         |   255.0.0.0   |  host  |         .         |
[   13.797029] [[0;32m  OK  [0m] Started Daily apt download activities.
[[0;32m  OK  [0m] Started Daily apt upgrade and clean activities.
cloud-init[953]: ci-info: |   lo   | True |         ::1/128          |       .       |  host  |         .         |
[   13.875199] [[0;32m  OK  [0m] Reached target Timers.
[[0;32m  OK  [0m] Listening on D-Bus System Message Bus Socket.
cloud-init[953]: ci-info: +--------+------+--------------------------+---------------+--------+-------------------+
[[0;32m  OK  [0m] Listening on ACPID Listen Socket.
[[0;32m  OK  [0m] Listening on UUID daemon activation socket.
[   13.879275] cloud-init[953]: ci-info: +++++++++++++++++++++++++++Route IPv4 info++++++++++++++++++++++++++++
[   13.964980] [[0;32m  OK  [0m] Started ACPI Events Check.
cloud-init[[953]: [0;32m  OK  [0mci-info: +-------+-------------+----------+---------------+-----------+-------+] 
Reached target Paths.
[   13.997203] cloud-init[953]: ci-info: | Route | Destination | Gateway  |    Genmask    | Interface | Flags |
[[0;32m  OK  [0m] Reached target Network is Online.
[   13.998931] cloud-init[953]: ci-info: +-------+-------------+----------+---------------+-----------+-------+
[   14.033102] cloud-init[953]: ci-info: |   0   |   0.0.0.0   | 10.0.2.2 |    0.0.0.0    |   enp0s3  |   UG  |
[   14.068230]          Starting iSCSI initiator daemon (iscsid)...
[[0;32m  OK  [0m] Listening on LXD - unix socket.
[[0;32m  OK  [0m] Listening on Socket activation for snappy daemon.
cloud-init[953]: ci-info: |   1   |   10.0.2.0  | 0.0.0.0  | 255.255.255.0 |   enp0s3  |   U   |
[   14.145861] cloud-init[953]: ci-info: +-------+-------------+----------+---------------+-----------+-------+
[[0;32m  OK  [0m] Reached target Sockets.
[[0;32m  OK  [0m] Reached target Basic System.
[   14.151129] cloud-init[953]: ci-info: +++++++++++++++++++Route IPv6 info+++++++++++++++++++
[   14.188443]          Starting Virtualbox guest utils...
[[0;32m  OK  [0m] Started FUSE filesystem for LXC.
cloud-init[[0;32m  OK  [0m] Started ACPI event daemon.
         Starting LXD - container startup/shutdown...
[[0;32m  OK  [0m] Started Deferred execution scheduler.
[[0;32m  OK  [0m] Started D-Bus System Message Bus.
[953]: ci-info: +-------+-------------+---------+-----------+-------+
[   14.217505] cloud-init[953]: ci-info: | Route | Destination | Gateway | Interface | Flags |
[   14.235519] cloud-init[953]: ci-info: +-------+-------------+---------+-----------+-------+
[   14.260809] cloud-init[953]: ci-info: |   0   |  fe80::/64  |    ::   |   enp0s3  |   U   |
[   14.271547] cloud-init[953]: ci-info: |   3   |   ff00::/8  |    ::   |   enp0s3  |   U   |
[   14.290954] cloud-init[953]: ci-info: +-------+-------------+---------+-----------+-------+
         Starting Login Service...
         Starting System Logging Service...
         Starting LSB: MD monitoring daemon...
         Starting /etc/rc.local Compatibility...
         Starting OpenBSD Secure Shell server...
[[0;32m  OK  [0m] Started Regular background program processing daemon.
[[0;32m  OK  [0m] Started Unattended Upgrades Shutdown.
         Starting Snappy daemon...
         Starting LSB: Record successful boot for GRUB...
         Starting Accounts Service...
[[0;32m  OK  [0m] Started System Logging Service.
[[0;32m  OK  [0m] Started iSCSI initiator daemon (iscsid).
[[0;32m  OK  [0m] Started /etc/rc.local Compatibility.
[[0;32m  OK  [0m] Started LXD - container startup/shutdown.
[[0;32m  OK  [0m] Started OpenBSD Secure Shell server.
         Starting Login to default iSCSI targets...
[[0;32m  OK  [0m] Started LSB: Record successful boot for GRUB.
[[0;32m  OK  [0m] Started Login Service.
[[0;32m  OK  [0m] Started LSB: MD monitoring daemon.
         Starting Authenticate and Authorize Users to Run Privileged Tasks...
[[0;32m  OK  [0m] Started Virtualbox guest utils.
[[0;32m  OK  [0m] Started Authenticate and Authorize Users to Run Privileged Tasks.
[[0;32m  OK  [0m] Started Login to default iSCSI targets.
[[0;32m  OK  [0m] Started Accounts Service.
[[0;32m  OK  [0m] Reached target Remote File Systems (Pre).
[[0;32m  OK  [0m] Reached target Remote File Systems.
         Starting LSB: Set the CPU Frequency Scaling governor to "ondemand"...
         Starting LSB: automatic crash report generation...
         Starting Permit User Sessions...
         Starting LSB: daemon to balance interrupts for SMP systems...
[[0;32m  OK  [0m] Started Snappy daemon.
[[0;32m  OK  [0m] Started Permit User Sessions.
         Starting Terminate Plymouth Boot Screen...
         Starting Hold until boot process finishes up...
         Starting Wait until snapd is fully seeded...
[[0;32m  OK  [0m] Started LSB: Set the CPU Frequency Scaling governor to "ondemand".
[[0;32m  OK  [0m] Started LSB: automatic crash report generation.
[[0;32m  OK  [0m] Started LSB: daemon to balance interrupts for SMP systems.
[[0;32m  OK  [0m] Started Terminate Plymouth Boot Screen.
[[0;32m  OK  [0m] Started Hold until boot process finishes up.
[[0;32m  OK  [0m] Started Wait until snapd is fully seeded.
         Starting Apply the settings specified in cloud-config...
[[0;32m  OK  [0m] Started Serial Getty on ttyS0.
[[0;32m  OK  [0m] Started Getty on tty1.
[[0;32m  OK  [0m] Reached target Login Prompts.
         Starting Set console scheme...
[[0;32m  OK  [0m] Reached target Multi-User System.
[[0;32m  OK  [0m] Reached target Graphical Interface.
         Starting Update UTMP about System Runlevel Changes...
[[0;32m  OK  [0m] Started Set console scheme.
[[0;32m  OK  [0m] Started Update UTMP about System Runlevel Changes.
[[0;32m  OK  [0m] Created slice User Slice of vagrant.
[   15.502966] cloud-init[1185]: Cloud-init v. 18.3-9-g2e62cb8a-0ubuntu1~16.04.2 running 'modules:config' at Mon, 15 Oct 2018 17:10:52 +0000. Up 15.32 seconds.
         Starting User Manager for UID 1000...
[[0;32m  OK  [0m] Started Session 1 of user vagrant.
[[0;32m  OK  [0m] Started User Manager for UID 1000.
[[0;32m  OK  [0m] Started Apply the settings specified in cloud-config.
         Starting Execute cloud user/final scripts...
[   16.058065] cloud-init[1221]: Cloud-init v. 18.3-9-g2e62cb8a-0ubuntu1~16.04.2 running 'modules:final' at Mon, 15 Oct 2018 17:10:53 +0000. Up 15.89 seconds.
[   16.109123] cloud-init[1221]: Cloud-init v. 18.3-9-g2e62cb8a-0ubuntu1~16.04.2 finished at Mon, 15 Oct 2018 17:10:53 +0000. Datasource DataSourceNoCloud [seed=/dev/sdb][dsmode=net].  Up 16.05 seconds
[[0;32m  OK  [0m] Started Execute cloud user/final scripts.
[[0;32m  OK  [0m] Reached target Cloud-init target.

Ubuntu 16.04.5 LTS ubuntu-xenial ttyS0

ubuntu-xenial login: 